* installing *source* package 'clEval' ...
** using staged installation
** R
** byte-compile and prepare package for lazy loading
Warning: replacing previous import 'dplyr::filter' by 'stats::filter' when loading 'clEval'
Warning: replacing previous import 'dplyr::lag' by 'stats::lag' when loading 'clEval'
** help
*** installing help indices
** building package indices
** testing if installed package can be loaded from temporary location
*** arch - i386
Warning: replacing previous import 'dplyr::filter' by 'stats::filter' when loading 'clEval'
Warning: replacing previous import 'dplyr::lag' by 'stats::lag' when loading 'clEval'
*** arch - x64
Warning: replacing previous import 'dplyr::filter' by 'stats::filter' when loading 'clEval'
Warning: replacing previous import 'dplyr::lag' by 'stats::lag' when loading 'clEval'
** testing if installed package can be loaded from final location
*** arch - i386
Warning: replacing previous import 'dplyr::filter' by 'stats::filter' when loading 'clEval'
Warning: replacing previous import 'dplyr::lag' by 'stats::lag' when loading 'clEval'
*** arch - x64
Warning: replacing previous import 'dplyr::filter' by 'stats::filter' when loading 'clEval'
Warning: replacing previous import 'dplyr::lag' by 'stats::lag' when loading 'clEval'
** testing if installed package keeps a record of temporary installation path
* DONE (clEval)
